app/build/intermediates/manifest_merge_blame_file/release/processReleaseMainManifest/manifest-merger-blame-release-report.txt
1<?xml version="1.0" encoding="utf-8"?>
2<manifest xmlns:android="http://schemas.android.com/apk/res/android"
3    package="com.noteflow.app"
4    android:versionCode="9"
5    android:versionName="0.1.0" >
6
7    <uses-sdk
8        android:minSdkVersion="24"
9        android:targetSdkVersion="35" />
10
11    <uses-permission android:name="android.permission.POST_NOTIFICATIONS" />
11-->src\main\AndroidManifest.xml:5:5-77
11-->src\main\AndroidManifest.xml:5:22-74
12    <uses-permission android:name="android.permission.SCHEDULE_EXACT_ALARM" />
12-->src\main\AndroidManifest.xml:6:5-79
12-->src\main\AndroidManifest.xml:6:22-76
13    <uses-permission android:name="android.permission.USE_EXACT_ALARM" />
13-->src\main\AndroidManifest.xml:7:5-74
13-->src\main\AndroidManifest.xml:7:22-71
14    <uses-permission android:name="android.permission.RECEIVE_BOOT_COMPLETED" />
14-->src\main\AndroidManifest.xml:8:5-81
14-->src\main\AndroidManifest.xml:8:22-78
15    <uses-permission android:name="android.permission.READ_MEDIA_IMAGES" />
15-->src\main\AndroidManifest.xml:9:5-76
15-->src\main\AndroidManifest.xml:9:22-73
16    <uses-permission android:name="android.permission.VIBRATE" />
16-->src\main\AndroidManifest.xml:10:5-66
16-->src\main\AndroidManifest.xml:10:22-63
17    <uses-permission android:name="android.permission.READ_CONTACTS" />
17-->src\main\AndroidManifest.xml:11:5-72
17-->src\main\AndroidManifest.xml:11:22-69
18    <uses-permission android:name="android.permission.WAKE_LOCK" />
18-->[androidx.work:work-runtime:2.9.1] AndroidManifest.xml:23:5-68
18-->[androidx.work:work-runtime:2.9.1] AndroidManifest.xml:23:22-65
19    <uses-permission android:name="android.permission.FOREGROUND_SERVICE" />
19-->[androidx.work:work-runtime:2.9.1] AndroidManifest.xml:26:5-77
19-->[androidx.work:work-runtime:2.9.1] AndroidManifest.xml:26:22-74
20
21    <permission
21-->[androidx.core:core:1.13.1] AndroidManifest.xml:22:5-24:47
22        android:name="com.noteflow.app.DYNAMIC_RECEIVER_NOT_EXPORTED_PERMISSION"
22-->[androidx.core:core:1.13.1] AndroidManifest.xml:23:9-81
23        android:protectionLevel="signature" />
23-->[androidx.core:core:1.13.1] AndroidManifest.xml:24:9-44
24
25    <uses-permission android:name="com.noteflow.app.DYNAMIC_RECEIVER_NOT_EXPORTED_PERMISSION" />
25-->[androidx.core:core:1.13.1] AndroidManifest.xml:26:5-97
25-->[androidx.core:core:1.13.1] AndroidManifest.xml:26:22-94
26
27    <application
27-->src\main\AndroidManifest.xml:20:5-84:19
28        android:name="com.noteflow.app.NoteFlowApp"
28-->src\main\AndroidManifest.xml:21:9-36
29        android:allowBackup="true"
29-->src\main\AndroidManifest.xml:22:9-35
30        android:appComponentFactory="androidx.core.app.CoreComponentFactory"
30-->[androidx.core:core:1.13.1] AndroidManifest.xml:28:18-86
31        android:extractNativeLibs="false"
32        android:icon="@mipmap/ic_launcher"
32-->src\main\AndroidManifest.xml:23:9-43
33        android:label="@string/app_name"
33-->src\main\AndroidManifest.xml:24:9-41
34        android:localeConfig="@xml/locales_config"
34-->src\main\AndroidManifest.xml:26:9-51
35        android:supportsRtl="true"
35-->src\main\AndroidManifest.xml:27:9-35
36        android:theme="@style/Theme.NoteFlow" >
36-->src\main\AndroidManifest.xml:25:9-46
37        <activity
37-->src\main\AndroidManifest.xml:29:9-45:20
38            android:name="com.noteflow.app.MainActivity"
38-->src\main\AndroidManifest.xml:30:13-41
39            android:exported="true"
39-->src\main\AndroidManifest.xml:31:13-36
40            android:launchMode="singleTop"
40-->src\main\AndroidManifest.xml:32:13-43
41            android:theme="@style/Theme.NoteFlow"
41-->src\main\AndroidManifest.xml:34:13-50
42            android:windowSoftInputMode="adjustResize" >
42-->src\main\AndroidManifest.xml:33:13-55
43            <intent-filter>
43-->src\main\AndroidManifest.xml:35:13-38:29
44                <action android:name="android.intent.action.MAIN" />
44-->src\main\AndroidManifest.xml:36:17-69
44-->src\main\AndroidManifest.xml:36:25-66
45
46                <category android:name="android.intent.category.LAUNCHER" />
46-->src\main\AndroidManifest.xml:37:17-77
46-->src\main\AndroidManifest.xml:37:27-74
47            </intent-filter>
48            <!-- Deep link used by the widget to open a specific note -->
49            <intent-filter>
49-->src\main\AndroidManifest.xml:40:13-44:29
50                <action android:name="android.intent.action.VIEW" />
50-->src\main\AndroidManifest.xml:41:17-69
50-->src\main\AndroidManifest.xml:41:25-66
51
52                <category android:name="android.intent.category.DEFAULT" />
52-->src\main\AndroidManifest.xml:42:17-76
52-->src\main\AndroidManifest.xml:42:27-73
53
54                <data
54-->src\main\AndroidManifest.xml:43:17-71
55                    android:host="note"
55-->src\main\AndroidManifest.xml:43:49-68
56                    android:scheme="noteflow" />
56-->src\main\AndroidManifest.xml:43:23-48
57            </intent-filter>
58        </activity>
59
60        <!-- Reminder notification receiver -->
61        <receiver
61-->src\main\AndroidManifest.xml:48:9-88
62            android:name="com.noteflow.app.reminder.ReminderReceiver"
62-->src\main\AndroidManifest.xml:48:19-60
63            android:exported="false" />
63-->src\main\AndroidManifest.xml:48:61-85
64
65        <!-- Birthday reminder notification receiver -->
66        <receiver
66-->src\main\AndroidManifest.xml:51:9-96
67            android:name="com.noteflow.app.reminder.BirthdayReminderReceiver"
67-->src\main\AndroidManifest.xml:51:19-68
68            android:exported="false" />
68-->src\main\AndroidManifest.xml:51:69-93
69
70        <!-- Reschedule reminders after a reboot -->
71        <receiver
71-->src\main\AndroidManifest.xml:54:9-58:20
72            android:name="com.noteflow.app.reminder.BootReceiver"
72-->src\main\AndroidManifest.xml:54:19-56
73            android:exported="true" >
73-->src\main\AndroidManifest.xml:54:57-80
74            <intent-filter>
74-->src\main\AndroidManifest.xml:55:13-57:29
75                <action android:name="android.intent.action.BOOT_COMPLETED" />
75-->src\main\AndroidManifest.xml:56:17-79
75-->src\main\AndroidManifest.xml:56:25-76
76            </intent-filter>
77        </receiver>
78
79        <!-- Home-screen widget -->
80        <receiver
80-->src\main\AndroidManifest.xml:61:9-71:20
81            android:name="com.noteflow.app.widget.NotesWidgetReceiver"
81-->src\main\AndroidManifest.xml:62:13-55
82            android:exported="false"
82-->src\main\AndroidManifest.xml:63:13-37
83            android:label="@string/widget_label" >
83-->src\main\AndroidManifest.xml:64:13-49
84            <intent-filter>
84-->src\main\AndroidManifest.xml:65:13-67:29
85                <action android:name="android.appwidget.action.APPWIDGET_UPDATE" />
85-->src\main\AndroidManifest.xml:66:17-84
85-->src\main\AndroidManifest.xml:66:25-81
86            </intent-filter>
87
88            <meta-data
88-->src\main\AndroidManifest.xml:68:13-70:61
89                android:name="android.appwidget.provider"
89-->src\main\AndroidManifest.xml:69:17-58
90                android:resource="@xml/notes_widget_info" />
90-->src\main\AndroidManifest.xml:70:17-58
91        </receiver>
92
93        <!-- FileProvider for sharing exported files (PDF/HTML/TXT/JSON, images) -->
94        <provider
95            android:name="androidx.core.content.FileProvider"
95-->src\main\AndroidManifest.xml:75:13-62
96            android:authorities="com.noteflow.app.fileprovider"
96-->src\main\AndroidManifest.xml:76:13-64
97            android:exported="false"
97-->src\main\AndroidManifest.xml:77:13-37
98            android:grantUriPermissions="true" >
98-->src\main\AndroidManifest.xml:78:13-47
99            <meta-data
99-->src\main\AndroidManifest.xml:79:13-81:54
100                android:name="android.support.FILE_PROVIDER_PATHS"
100-->src\main\AndroidManifest.xml:80:17-67
101                android:resource="@xml/file_paths" />
101-->src\main\AndroidManifest.xml:81:17-51
102        </provider>
103
104        <activity
104-->[androidx.glance:glance-appwidget:1.1.0] AndroidManifest.xml:23:9-28:62
105            android:name="androidx.glance.appwidget.action.ActionTrampolineActivity"
105-->[androidx.glance:glance-appwidget:1.1.0] AndroidManifest.xml:24:13-85
106            android:enabled="true"
106-->[androidx.glance:glance-appwidget:1.1.0] AndroidManifest.xml:25:13-35
107            android:excludeFromRecents="true"
107-->[androidx.glance:glance-appwidget:1.1.0] AndroidManifest.xml:26:13-46
108            android:exported="false"
108-->[androidx.glance:glance-appwidget:1.1.0] AndroidManifest.xml:27:13-37
109            android:theme="@android:style/Theme.NoDisplay" />
109-->[androidx.glance:glance-appwidget:1.1.0] AndroidManifest.xml:28:13-59
110        <activity
110-->[androidx.glance:glance-appwidget:1.1.0] AndroidManifest.xml:29:9-36:81
111            android:name="androidx.glance.appwidget.action.InvisibleActionTrampolineActivity"
111-->[androidx.glance:glance-appwidget:1.1.0] AndroidManifest.xml:30:13-94
112            android:enabled="true"
112-->[androidx.glance:glance-appwidget:1.1.0] AndroidManifest.xml:31:13-35
113            android:exported="false"
113-->[androidx.glance:glance-appwidget:1.1.0] AndroidManifest.xml:32:13-37
114            android:launchMode="singleInstance"
114-->[androidx.glance:glance-appwidget:1.1.0] AndroidManifest.xml:33:13-48
115            android:noHistory="true"
115-->[androidx.glance:glance-appwidget:1.1.0] AndroidManifest.xml:34:13-37
116            android:taskAffinity="androidx.glance.appwidget.ListAdapterCallbackTrampoline"
116-->[androidx.glance:glance-appwidget:1.1.0] AndroidManifest.xml:35:13-91
117            android:theme="@style/Widget.Glance.AppWidget.CallbackTrampoline" />
117-->[androidx.glance:glance-appwidget:1.1.0] AndroidManifest.xml:36:13-78
118
119        <receiver
119-->[androidx.glance:glance-appwidget:1.1.0] AndroidManifest.xml:38:9-41:40
120            android:name="androidx.glance.appwidget.action.ActionCallbackBroadcastReceiver"
120-->[androidx.glance:glance-appwidget:1.1.0] AndroidManifest.xml:39:13-92
121            android:enabled="true"
121-->[androidx.glance:glance-appwidget:1.1.0] AndroidManifest.xml:40:13-35
122            android:exported="false" />
122-->[androidx.glance:glance-appwidget:1.1.0] AndroidManifest.xml:41:13-37
123        <receiver
123-->[androidx.glance:glance-appwidget:1.1.0] AndroidManifest.xml:42:9-45:40
124            android:name="androidx.glance.appwidget.UnmanagedSessionReceiver"
124-->[androidx.glance:glance-appwidget:1.1.0] AndroidManifest.xml:43:13-78
125            android:enabled="true"
125-->[androidx.glance:glance-appwidget:1.1.0] AndroidManifest.xml:44:13-35
126            android:exported="false" />
126-->[androidx.glance:glance-appwidget:1.1.0] AndroidManifest.xml:45:13-37
127        <receiver
127-->[androidx.glance:glance-appwidget:1.1.0] AndroidManifest.xml:46:9-53:20
128            android:name="androidx.glance.appwidget.MyPackageReplacedReceiver"
128-->[androidx.glance:glance-appwidget:1.1.0] AndroidManifest.xml:47:13-79
129            android:enabled="true"
129-->[androidx.glance:glance-appwidget:1.1.0] AndroidManifest.xml:48:13-35
130            android:exported="false" >
130-->[androidx.glance:glance-appwidget:1.1.0] AndroidManifest.xml:49:13-37
131            <intent-filter>
131-->[androidx.glance:glance-appwidget:1.1.0] AndroidManifest.xml:50:13-52:29
132                <action android:name="android.intent.action.MY_PACKAGE_REPLACED" />
132-->[androidx.glance:glance-appwidget:1.1.0] AndroidManifest.xml:51:17-84
132-->[androidx.glance:glance-appwidget:1.1.0] AndroidManifest.xml:51:25-81
133            </intent-filter>
134        </receiver>
135
136        <service
136-->[androidx.glance:glance-appwidget:1.1.0] AndroidManifest.xml:55:9-58:72
137            android:name="androidx.glance.appwidget.GlanceRemoteViewsService"
137-->[androidx.glance:glance-appwidget:1.1.0] AndroidManifest.xml:56:13-78
138            android:exported="true"
138-->[androidx.glance:glance-appwidget:1.1.0] AndroidManifest.xml:57:13-36
139            android:permission="android.permission.BIND_REMOTEVIEWS" />
139-->[androidx.glance:glance-appwidget:1.1.0] AndroidManifest.xml:58:13-69
140
141        <provider
141-->[androidx.work:work-runtime:2.9.1] AndroidManifest.xml:29:9-37:20
142            android:name="androidx.startup.InitializationProvider"
142-->[androidx.work:work-runtime:2.9.1] AndroidManifest.xml:30:13-67
143            android:authorities="com.noteflow.app.androidx-startup"
143-->[androidx.work:work-runtime:2.9.1] AndroidManifest.xml:31:13-68
144            android:exported="false" >
144-->[androidx.work:work-runtime:2.9.1] AndroidManifest.xml:32:13-37
145            <meta-data
145-->[androidx.work:work-runtime:2.9.1] AndroidManifest.xml:34:13-36:52
146                android:name="androidx.work.WorkManagerInitializer"
146-->[androidx.work:work-runtime:2.9.1] AndroidManifest.xml:35:17-68
147                android:value="androidx.startup" />
147-->[androidx.work:work-runtime:2.9.1] AndroidManifest.xml:36:17-49
148            <meta-data
148-->[androidx.lifecycle:lifecycle-process:2.8.4] AndroidManifest.xml:29:13-31:52
149                android:name="androidx.lifecycle.ProcessLifecycleInitializer"
149-->[androidx.lifecycle:lifecycle-process:2.8.4] AndroidManifest.xml:30:17-78
150                android:value="androidx.startup" />
150-->[androidx.lifecycle:lifecycle-process:2.8.4] AndroidManifest.xml:31:17-49
151            <meta-data
151-->[androidx.emoji2:emoji2:1.3.0] AndroidManifest.xml:29:13-31:52
152                android:name="androidx.emoji2.text.EmojiCompatInitializer"
152-->[androidx.emoji2:emoji2:1.3.0] AndroidManifest.xml:30:17-75
153                android:value="androidx.startup" />
153-->[androidx.emoji2:emoji2:1.3.0] AndroidManifest.xml:31:17-49
154            <meta-data
154-->[androidx.profileinstaller:profileinstaller:1.3.1] AndroidManifest.xml:29:13-31:52
155                android:name="androidx.profileinstaller.ProfileInstallerInitializer"
155-->[androidx.profileinstaller:profileinstaller:1.3.1] AndroidManifest.xml:30:17-85
156                android:value="androidx.startup" />
156-->[androidx.profileinstaller:profileinstaller:1.3.1] AndroidManifest.xml:31:17-49
157        </provider>
158
159        <service
159-->[androidx.work:work-runtime:2.9.1] AndroidManifest.xml:39:9-45:35
160            android:name="androidx.work.impl.background.systemalarm.SystemAlarmService"
160-->[androidx.work:work-runtime:2.9.1] AndroidManifest.xml:40:13-88
161            android:directBootAware="false"
161-->[androidx.work:work-runtime:2.9.1] AndroidManifest.xml:41:13-44
162            android:enabled="@bool/enable_system_alarm_service_default"
162-->[androidx.work:work-runtime:2.9.1] AndroidManifest.xml:42:13-72
163            android:exported="false" />
163-->[androidx.work:work-runtime:2.9.1] AndroidManifest.xml:43:13-37
164        <service
164-->[androidx.work:work-runtime:2.9.1] AndroidManifest.xml:46:9-52:35
165            android:name="androidx.work.impl.background.systemjob.SystemJobService"
165-->[androidx.work:work-runtime:2.9.1] AndroidManifest.xml:47:13-84
166            android:directBootAware="false"
166-->[androidx.work:work-runtime:2.9.1] AndroidManifest.xml:48:13-44
167            android:enabled="@bool/enable_system_job_service_default"
167-->[androidx.work:work-runtime:2.9.1] AndroidManifest.xml:49:13-70
168            android:exported="true"
168-->[androidx.work:work-runtime:2.9.1] AndroidManifest.xml:50:13-36
169            android:permission="android.permission.BIND_JOB_SERVICE" />
169-->[androidx.work:work-runtime:2.9.1] AndroidManifest.xml:51:13-69
170        <service
170-->[androidx.work:work-runtime:2.9.1] AndroidManifest.xml:53:9-59:35
171            android:name="androidx.work.impl.foreground.SystemForegroundService"
171-->[androidx.work:work-runtime:2.9.1] AndroidManifest.xml:54:13-81
172            android:directBootAware="false"
172-->[androidx.work:work-runtime:2.9.1] AndroidManifest.xml:55:13-44
173            android:enabled="@bool/enable_system_foreground_service_default"
173-->[androidx.work:work-runtime:2.9.1] AndroidManifest.xml:56:13-77
174            android:exported="false" />
174-->[androidx.work:work-runtime:2.9.1] AndroidManifest.xml:57:13-37
175
176        <receiver
176-->[androidx.work:work-runtime:2.9.1] AndroidManifest.xml:61:9-66:35
177            android:name="androidx.work.impl.utils.ForceStopRunnable$BroadcastReceiver"
177-->[androidx.work:work-runtime:2.9.1] AndroidManifest.xml:62:13-88
178            android:directBootAware="false"
178-->[androidx.work:work-runtime:2.9.1] AndroidManifest.xml:63:13-44
179            android:enabled="true"
179-->[androidx.work:work-runtime:2.9.1] AndroidManifest.xml:64:13-35
180            android:exported="false" />
180-->[androidx.work:work-runtime:2.9.1] AndroidManifest.xml:65:13-37
181        <receiver
181-->[androidx.work:work-runtime:2.9.1] AndroidManifest.xml:67:9-77:20
182            android:name="androidx.work.impl.background.systemalarm.ConstraintProxy$BatteryChargingProxy"
182-->[androidx.work:work-runtime:2.9.1] AndroidManifest.xml:68:13-106
183            android:directBootAware="false"
183-->[androidx.work:work-runtime:2.9.1] AndroidManifest.xml:69:13-44
184            android:enabled="false"
184-->[androidx.work:work-runtime:2.9.1] AndroidManifest.xml:70:13-36
185            android:exported="false" >
185-->[androidx.work:work-runtime:2.9.1] AndroidManifest.xml:71:13-37
186            <intent-filter>
186-->[androidx.work:work-runtime:2.9.1] AndroidManifest.xml:73:13-76:29
187                <action android:name="android.intent.action.ACTION_POWER_CONNECTED" />
187-->[androidx.work:work-runtime:2.9.1] AndroidManifest.xml:74:17-87
187-->[androidx.work:work-runtime:2.9.1] AndroidManifest.xml:74:25-84
188                <action android:name="android.intent.action.ACTION_POWER_DISCONNECTED" />
188-->[androidx.work:work-runtime:2.9.1] AndroidManifest.xml:75:17-90
188-->[androidx.work:work-runtime:2.9.1] AndroidManifest.xml:75:25-87
189            </intent-filter>
190        </receiver>
191        <receiver
191-->[androidx.work:work-runtime:2.9.1] AndroidManifest.xml:78:9-88:20
192            android:name="androidx.work.impl.background.systemalarm.ConstraintProxy$BatteryNotLowProxy"
192-->[androidx.work:work-runtime:2.9.1] AndroidManifest.xml:79:13-104
193            android:directBootAware="false"
193-->[androidx.work:work-runtime:2.9.1] AndroidManifest.xml:80:13-44
194            android:enabled="false"
194-->[androidx.work:work-runtime:2.9.1] AndroidManifest.xml:81:13-36
195            android:exported="false" >
195-->[androidx.work:work-runtime:2.9.1] AndroidManifest.xml:82:13-37
196            <intent-filter>
196-->[androidx.work:work-runtime:2.9.1] AndroidManifest.xml:84:13-87:29
197                <action android:name="android.intent.action.BATTERY_OKAY" />
197-->[androidx.work:work-runtime:2.9.1] AndroidManifest.xml:85:17-77
197-->[androidx.work:work-runtime:2.9.1] AndroidManifest.xml:85:25-74
198                <action android:name="android.intent.action.BATTERY_LOW" />
198-->[androidx.work:work-runtime:2.9.1] AndroidManifest.xml:86:17-76
198-->[androidx.work:work-runtime:2.9.1] AndroidManifest.xml:86:25-73
199            </intent-filter>
200        </receiver>
201        <receiver
201-->[androidx.work:work-runtime:2.9.1] AndroidManifest.xml:89:9-99:20
202            android:name="androidx.work.impl.background.systemalarm.ConstraintProxy$StorageNotLowProxy"
202-->[androidx.work:work-runtime:2.9.1] AndroidManifest.xml:90:13-104
203            android:directBootAware="false"
203-->[androidx.work:work-runtime:2.9.1] AndroidManifest.xml:91:13-44
204            android:enabled="false"
204-->[androidx.work:work-runtime:2.9.1] AndroidManifest.xml:92:13-36
205            android:exported="false" >
205-->[androidx.work:work-runtime:2.9.1] AndroidManifest.xml:93:13-37
206            <intent-filter>
206-->[androidx.work:work-runtime:2.9.1] AndroidManifest.xml:95:13-98:29
207                <action android:name="android.intent.action.DEVICE_STORAGE_LOW" />
207-->[androidx.work:work-runtime:2.9.1] AndroidManifest.xml:96:17-83
207-->[androidx.work:work-runtime:2.9.1] AndroidManifest.xml:96:25-80
208                <action android:name="android.intent.action.DEVICE_STORAGE_OK" />
208-->[androidx.work:work-runtime:2.9.1] AndroidManifest.xml:97:17-82
208-->[androidx.work:work-runtime:2.9.1] AndroidManifest.xml:97:25-79
209            </intent-filter>
210        </receiver>
211        <receiver
211-->[androidx.work:work-runtime:2.9.1] AndroidManifest.xml:100:9-109:20
212            android:name="androidx.work.impl.background.systemalarm.ConstraintProxy$NetworkStateProxy"
212-->[androidx.work:work-runtime:2.9.1] AndroidManifest.xml:101:13-103
213            android:directBootAware="false"
213-->[androidx.work:work-runtime:2.9.1] AndroidManifest.xml:102:13-44
214            android:enabled="false"
214-->[androidx.work:work-runtime:2.9.1] AndroidManifest.xml:103:13-36
215            android:exported="false" >
215-->[androidx.work:work-runtime:2.9.1] AndroidManifest.xml:104:13-37
216            <intent-filter>
216-->[androidx.work:work-runtime:2.9.1] AndroidManifest.xml:106:13-108:29
217                <action android:name="android.net.conn.CONNECTIVITY_CHANGE" />
217-->[androidx.work:work-runtime:2.9.1] AndroidManifest.xml:107:17-79
217-->[androidx.work:work-runtime:2.9.1] AndroidManifest.xml:107:25-76
218            </intent-filter>
219        </receiver>
220        <receiver
220-->[androidx.work:work-runtime:2.9.1] AndroidManifest.xml:110:9-121:20
221            android:name="androidx.work.impl.background.systemalarm.RescheduleReceiver"
221-->[androidx.work:work-runtime:2.9.1] AndroidManifest.xml:111:13-88
222            android:directBootAware="false"
222-->[androidx.work:work-runtime:2.9.1] AndroidManifest.xml:112:13-44
223            android:enabled="false"
223-->[androidx.work:work-runtime:2.9.1] AndroidManifest.xml:113:13-36
224            android:exported="false" >
224-->[androidx.work:work-runtime:2.9.1] AndroidManifest.xml:114:13-37
225            <intent-filter>
225-->[androidx.work:work-runtime:2.9.1] AndroidManifest.xml:116:13-120:29
226                <action android:name="android.intent.action.BOOT_COMPLETED" />
226-->src\main\AndroidManifest.xml:56:17-79
226-->src\main\AndroidManifest.xml:56:25-76
227                <action android:name="android.intent.action.TIME_SET" />
227-->[androidx.work:work-runtime:2.9.1] AndroidManifest.xml:118:17-73
227-->[androidx.work:work-runtime:2.9.1] AndroidManifest.xml:118:25-70
228                <action android:name="android.intent.action.TIMEZONE_CHANGED" />
228-->[androidx.work:work-runtime:2.9.1] AndroidManifest.xml:119:17-81
228-->[androidx.work:work-runtime:2.9.1] AndroidManifest.xml:119:25-78
229            </intent-filter>
230        </receiver>
231        <receiver
231-->[androidx.work:work-runtime:2.9.1] AndroidManifest.xml:122:9-131:20
232            android:name="androidx.work.impl.background.systemalarm.ConstraintProxyUpdateReceiver"
232-->[androidx.work:work-runtime:2.9.1] AndroidManifest.xml:123:13-99
233            android:directBootAware="false"
233-->[androidx.work:work-runtime:2.9.1] AndroidManifest.xml:124:13-44
234            android:enabled="@bool/enable_system_alarm_service_default"
234-->[androidx.work:work-runtime:2.9.1] AndroidManifest.xml:125:13-72
235            android:exported="false" >
235-->[androidx.work:work-runtime:2.9.1] AndroidManifest.xml:126:13-37
236            <intent-filter>
236-->[androidx.work:work-runtime:2.9.1] AndroidManifest.xml:128:13-130:29
237                <action android:name="androidx.work.impl.background.systemalarm.UpdateProxies" />
237-->[androidx.work:work-runtime:2.9.1] AndroidManifest.xml:129:17-98
237-->[androidx.work:work-runtime:2.9.1] AndroidManifest.xml:129:25-95
238            </intent-filter>
239        </receiver>
240        <receiver
240-->[androidx.work:work-runtime:2.9.1] AndroidManifest.xml:132:9-142:20
241            android:name="androidx.work.impl.diagnostics.DiagnosticsReceiver"
241-->[androidx.work:work-runtime:2.9.1] AndroidManifest.xml:133:13-78
242            android:directBootAware="false"
242-->[androidx.work:work-runtime:2.9.1] AndroidManifest.xml:134:13-44
243            android:enabled="true"
243-->[androidx.work:work-runtime:2.9.1] AndroidManifest.xml:135:13-35
244            android:exported="true"
244-->[androidx.work:work-runtime:2.9.1] AndroidManifest.xml:136:13-36
245            android:permission="android.permission.DUMP" >
245-->[androidx.work:work-runtime:2.9.1] AndroidManifest.xml:137:13-57
246            <intent-filter>
246-->[androidx.work:work-runtime:2.9.1] AndroidManifest.xml:139:13-141:29
247                <action android:name="androidx.work.diagnostics.REQUEST_DIAGNOSTICS" />
247-->[androidx.work:work-runtime:2.9.1] AndroidManifest.xml:140:17-88
247-->[androidx.work:work-runtime:2.9.1] AndroidManifest.xml:140:25-85
248            </intent-filter>
249        </receiver>
250
251        <service
251-->[androidx.core:core-remoteviews:1.1.0] AndroidManifest.xml:24:9-27:63
252            android:name="androidx.core.widget.RemoteViewsCompatService"
252-->[androidx.core:core-remoteviews:1.1.0] AndroidManifest.xml:25:13-73
253            android:permission="android.permission.BIND_REMOTEVIEWS" />
253-->[androidx.core:core-remoteviews:1.1.0] AndroidManifest.xml:26:13-69
254        <service
254-->[androidx.room:room-runtime:2.6.1] AndroidManifest.xml:24:9-28:63
255            android:name="androidx.room.MultiInstanceInvalidationService"
255-->[androidx.room:room-runtime:2.6.1] AndroidManifest.xml:25:13-74
256            android:directBootAware="true"
256-->[androidx.room:room-runtime:2.6.1] AndroidManifest.xml:26:13-43
257            android:exported="false" />
257-->[androidx.room:room-runtime:2.6.1] AndroidManifest.xml:27:13-37
258
259        <receiver
259-->[androidx.profileinstaller:profileinstaller:1.3.1] AndroidManifest.xml:34:9-52:20
260            android:name="androidx.profileinstaller.ProfileInstallReceiver"
260-->[androidx.profileinstaller:profileinstaller:1.3.1] AndroidManifest.xml:35:13-76
261            android:directBootAware="false"
261-->[androidx.profileinstaller:profileinstaller:1.3.1] AndroidManifest.xml:36:13-44
262            android:enabled="true"
262-->[androidx.profileinstaller:profileinstaller:1.3.1] AndroidManifest.xml:37:13-35
263            android:exported="true"
263-->[androidx.profileinstaller:profileinstaller:1.3.1] AndroidManifest.xml:38:13-36
264            android:permission="android.permission.DUMP" >
264-->[androidx.profileinstaller:profileinstaller:1.3.1] AndroidManifest.xml:39:13-57
265            <intent-filter>
265-->[androidx.profileinstaller:profileinstaller:1.3.1] AndroidManifest.xml:40:13-42:29
266                <action android:name="androidx.profileinstaller.action.INSTALL_PROFILE" />
266-->[androidx.profileinstaller:profileinstaller:1.3.1] AndroidManifest.xml:41:17-91
266-->[androidx.profileinstaller:profileinstaller:1.3.1] AndroidManifest.xml:41:25-88
267            </intent-filter>
268            <intent-filter>
268-->[androidx.profileinstaller:profileinstaller:1.3.1] AndroidManifest.xml:43:13-45:29
269                <action android:name="androidx.profileinstaller.action.SKIP_FILE" />
269-->[androidx.profileinstaller:profileinstaller:1.3.1] AndroidManifest.xml:44:17-85
269-->[androidx.profileinstaller:profileinstaller:1.3.1] AndroidManifest.xml:44:25-82
270            </intent-filter>
271            <intent-filter>
271-->[androidx.profileinstaller:profileinstaller:1.3.1] AndroidManifest.xml:46:13-48:29
272                <action android:name="androidx.profileinstaller.action.SAVE_PROFILE" />
272-->[androidx.profileinstaller:profileinstaller:1.3.1] AndroidManifest.xml:47:17-88
272-->[androidx.profileinstaller:profileinstaller:1.3.1] AndroidManifest.xml:47:25-85
273            </intent-filter>
274            <intent-filter>
274-->[androidx.profileinstaller:profileinstaller:1.3.1] AndroidManifest.xml:49:13-51:29
275                <action android:name="androidx.profileinstaller.action.BENCHMARK_OPERATION" />
275-->[androidx.profileinstaller:profileinstaller:1.3.1] AndroidManifest.xml:50:17-95
275-->[androidx.profileinstaller:profileinstaller:1.3.1] AndroidManifest.xml:50:25-92
276            </intent-filter>
277        </receiver>
278    </application>
279
280</manifest>